[0.648s] Invoking command in '/home/paul/Documents/GitHub/WebVR-Teleop/teleop_ros_ws/src/controller': PYTHONPATH=/home/paul/Documents/GitHub/WebVR-Teleop/teleop_ros_ws/build/controller/prefix_override:/usr/lib/python3/dist-packages/colcon_core/task/python/colcon_distutils_commands:/home/paul/Documents/GitHub/WebVR-Teleop/teleop_ros_ws/install/controller/lib/python3.10/site-packages:${PYTHONPATH} /usr/bin/python3 -W ignore:setup.py install is deprecated setup.py egg_info --egg-base ../../build/controller build --build-base /home/paul/Documents/GitHub/WebVR-Teleop/teleop_ros_ws/build/controller/build install --record /home/paul/Documents/GitHub/WebVR-Teleop/teleop_ros_ws/build/controller/install.log --single-version-externally-managed install_data
[0.901s] running egg_info
[0.902s] writing ../../build/controller/controller.egg-info/PKG-INFO
[0.902s] writing dependency_links to ../../build/controller/controller.egg-info/dependency_links.txt
[0.903s] writing entry points to ../../build/controller/controller.egg-info/entry_points.txt
[0.903s] writing requirements to ../../build/controller/controller.egg-info/requires.txt
[0.903s] writing top-level names to ../../build/controller/controller.egg-info/top_level.txt
[0.904s] reading manifest file '../../build/controller/controller.egg-info/SOURCES.txt'
[0.905s] adding license file 'LICENSE'
[0.906s] writing manifest file '../../build/controller/controller.egg-info/SOURCES.txt'
[0.906s] running build
[0.906s] running build_py
[0.906s] copying controller/NRIK.py -> /home/paul/Documents/GitHub/WebVR-Teleop/teleop_ros_ws/build/controller/build/lib/controller
[0.906s] copying controller/IK_ref_generator.py -> /home/paul/Documents/GitHub/WebVR-Teleop/teleop_ros_ws/build/controller/build/lib/controller
[0.906s] running install
[0.907s] running install_lib
[0.908s] copying /home/paul/Documents/GitHub/WebVR-Teleop/teleop_ros_ws/build/controller/build/lib/controller/NRIK.py -> /home/paul/Documents/GitHub/WebVR-Teleop/teleop_ros_ws/install/controller/lib/python3.10/site-packages/controller
[0.908s] copying /home/paul/Documents/GitHub/WebVR-Teleop/teleop_ros_ws/build/controller/build/lib/controller/IK_ref_generator.py -> /home/paul/Documents/GitHub/WebVR-Teleop/teleop_ros_ws/install/controller/lib/python3.10/site-packages/controller
[0.908s] byte-compiling /home/paul/Documents/GitHub/WebVR-Teleop/teleop_ros_ws/install/controller/lib/python3.10/site-packages/controller/NRIK.py to NRIK.cpython-310.pyc
[0.909s] byte-compiling /home/paul/Documents/GitHub/WebVR-Teleop/teleop_ros_ws/install/controller/lib/python3.10/site-packages/controller/IK_ref_generator.py to IK_ref_generator.cpython-310.pyc
[0.910s] running install_data
[0.910s] running install_egg_info
[0.912s] removing '/home/paul/Documents/GitHub/WebVR-Teleop/teleop_ros_ws/install/controller/lib/python3.10/site-packages/controller-0.0.0-py3.10.egg-info' (and everything under it)
[0.912s] Copying ../../build/controller/controller.egg-info to /home/paul/Documents/GitHub/WebVR-Teleop/teleop_ros_ws/install/controller/lib/python3.10/site-packages/controller-0.0.0-py3.10.egg-info
[0.913s] running install_scripts
[0.933s] Installing ik_ref_generator script to /home/paul/Documents/GitHub/WebVR-Teleop/teleop_ros_ws/install/controller/lib/controller
[0.933s] writing list of installed files to '/home/paul/Documents/GitHub/WebVR-Teleop/teleop_ros_ws/build/controller/install.log'
[0.950s] Invoked command in '/home/paul/Documents/GitHub/WebVR-Teleop/teleop_ros_ws/src/controller' returned '0': PYTHONPATH=/home/paul/Documents/GitHub/WebVR-Teleop/teleop_ros_ws/build/controller/prefix_override:/usr/lib/python3/dist-packages/colcon_core/task/python/colcon_distutils_commands:/home/paul/Documents/GitHub/WebVR-Teleop/teleop_ros_ws/install/controller/lib/python3.10/site-packages:${PYTHONPATH} /usr/bin/python3 -W ignore:setup.py install is deprecated setup.py egg_info --egg-base ../../build/controller build --build-base /home/paul/Documents/GitHub/WebVR-Teleop/teleop_ros_ws/build/controller/build install --record /home/paul/Documents/GitHub/WebVR-Teleop/teleop_ros_ws/build/controller/install.log --single-version-externally-managed install_data
