[0.113s] DEBUG:colcon:Command line arguments: ['/usr/bin/colcon', 'build']
[0.113s] DEBUG:colcon:Parsed command line arguments: Namespace(log_base=None, log_level=None, verb_name='build', build_base='build', install_base='install', merge_install=False, symlink_install=False, test_result_base=None, continue_on_error=False, executor='parallel', parallel_workers=12, event_handlers=None, ignore_user_meta=False, metas=['./colcon.meta'], base_paths=['.'], packages_ignore=None, packages_ignore_regex=None, paths=None, packages_up_to=None, packages_up_to_regex=None, packages_above=None, packages_above_and_dependencies=None, packages_above_depth=None, packages_select_by_dep=None, packages_skip_by_dep=None, packages_skip_up_to=None, packages_select_build_failed=False, packages_skip_build_finished=False, packages_select_test_failures=False, packages_skip_test_passed=False, packages_select=None, packages_skip=None, packages_select_regex=None, packages_skip_regex=None, packages_start=None, packages_end=None, allow_overriding=[], cmake_args=None, cmake_target=None, cmake_target_skip_unavailable=False, cmake_clean_cache=False, cmake_clean_first=False, cmake_force_configure=False, ament_cmake_args=None, catkin_cmake_args=None, catkin_skip_building_tests=False, mixin_files=None, mixin=None, verb_parser=<colcon_mixin.mixin.mixin_argument.MixinArgumentDecorator object at 0x7563e032ff40>, verb_extension=<colcon_core.verb.build.BuildVerb object at 0x7563e032f940>, main=<bound method BuildVerb.main of <colcon_core.verb.build.BuildVerb object at 0x7563e032f940>>, mixin_verb=('build',))
[0.299s] Level 1:colcon.colcon_core.package_discovery:discover_packages(colcon_meta) check parameters
[0.299s] Level 1:colcon.colcon_core.package_discovery:discover_packages(recursive) check parameters
[0.299s] Level 1:colcon.colcon_core.package_discovery:discover_packages(ignore) check parameters
[0.299s] Level 1:colcon.colcon_core.package_discovery:discover_packages(path) check parameters
[0.299s] Level 1:colcon.colcon_core.package_discovery:discover_packages(colcon_meta) discover
[0.299s] Level 1:colcon.colcon_core.package_discovery:discover_packages(recursive) discover
[0.299s] INFO:colcon.colcon_core.package_discovery:Crawling recursively for packages in '/home/paul/Documents/GitHub/WebVR-Teleop/teleop_ros_ws'
[0.299s] Level 1:colcon.colcon_core.package_identification:_identify(.) by extensions ['ignore', 'ignore_ament_install']
[0.299s] Level 1:colcon.colcon_core.package_identification:_identify(.) by extension 'ignore'
[0.299s] Level 1:colcon.colcon_core.package_identification:_identify(.) by extension 'ignore_ament_install'
[0.300s] Level 1:colcon.colcon_core.package_identification:_identify(.) by extensions ['colcon_pkg']
[0.300s] Level 1:colcon.colcon_core.package_identification:_identify(.) by extension 'colcon_pkg'
[0.300s] Level 1:colcon.colcon_core.package_identification:_identify(.) by extensions ['colcon_meta']
[0.300s] Level 1:colcon.colcon_core.package_identification:_identify(.) by extension 'colcon_meta'
[0.300s] Level 1:colcon.colcon_core.package_identification:_identify(.) by extensions ['ros']
[0.300s] Level 1:colcon.colcon_core.package_identification:_identify(.) by extension 'ros'
[0.310s] Level 1:colcon.colcon_core.package_identification:_identify(.) by extensions ['cmake', 'python']
[0.310s] Level 1:colcon.colcon_core.package_identification:_identify(.) by extension 'cmake'
[0.310s] Level 1:colcon.colcon_core.package_identification:_identify(.) by extension 'python'
[0.310s] Level 1:colcon.colcon_core.package_identification:_identify(.) by extensions ['python_setup_py']
[0.310s] Level 1:colcon.colcon_core.package_identification:_identify(.) by extension 'python_setup_py'
[0.310s] Level 1:colcon.colcon_core.package_identification:_identify(build) by extensions ['ignore', 'ignore_ament_install']
[0.310s] Level 1:colcon.colcon_core.package_identification:_identify(build) by extension 'ignore'
[0.310s] Level 1:colcon.colcon_core.package_identification:_identify(build) ignored
[0.311s] Level 1:colcon.colcon_core.package_identification:_identify(install) by extensions ['ignore', 'ignore_ament_install']
[0.311s] Level 1:colcon.colcon_core.package_identification:_identify(install) by extension 'ignore'
[0.311s] Level 1:colcon.colcon_core.package_identification:_identify(install) ignored
[0.311s] Level 1:colcon.colcon_core.package_identification:_identify(log) by extensions ['ignore', 'ignore_ament_install']
[0.311s] Level 1:colcon.colcon_core.package_identification:_identify(log) by extension 'ignore'
[0.311s] Level 1:colcon.colcon_core.package_identification:_identify(log) ignored
[0.311s] Level 1:colcon.colcon_core.package_identification:_identify(robot_models) by extensions ['ignore', 'ignore_ament_install']
[0.311s] Level 1:colcon.colcon_core.package_identification:_identify(robot_models) by extension 'ignore'
[0.311s] Level 1:colcon.colcon_core.package_identification:_identify(robot_models) by extension 'ignore_ament_install'
[0.311s] Level 1:colcon.colcon_core.package_identification:_identify(robot_models) by extensions ['colcon_pkg']
[0.311s] Level 1:colcon.colcon_core.package_identification:_identify(robot_models) by extension 'colcon_pkg'
[0.311s] Level 1:colcon.colcon_core.package_identification:_identify(robot_models) by extensions ['colcon_meta']
[0.311s] Level 1:colcon.colcon_core.package_identification:_identify(robot_models) by extension 'colcon_meta'
[0.311s] Level 1:colcon.colcon_core.package_identification:_identify(robot_models) by extensions ['ros']
[0.311s] Level 1:colcon.colcon_core.package_identification:_identify(robot_models) by extension 'ros'
[0.311s] Level 1:colcon.colcon_core.package_identification:_identify(robot_models) by extensions ['cmake', 'python']
[0.311s] Level 1:colcon.colcon_core.package_identification:_identify(robot_models) by extension 'cmake'
[0.312s] Level 1:colcon.colcon_core.package_identification:_identify(robot_models) by extension 'python'
[0.312s] Level 1:colcon.colcon_core.package_identification:_identify(robot_models) by extensions ['python_setup_py']
[0.312s] Level 1:colcon.colcon_core.package_identification:_identify(robot_models) by extension 'python_setup_py'
[0.312s] Level 1:colcon.colcon_core.package_identification:_identify(robot_models/4dof_arm_v2) by extensions ['ignore', 'ignore_ament_install']
[0.312s] Level 1:colcon.colcon_core.package_identification:_identify(robot_models/4dof_arm_v2) by extension 'ignore'
[0.312s] Level 1:colcon.colcon_core.package_identification:_identify(robot_models/4dof_arm_v2) by extension 'ignore_ament_install'
[0.312s] Level 1:colcon.colcon_core.package_identification:_identify(robot_models/4dof_arm_v2) by extensions ['colcon_pkg']
[0.312s] Level 1:colcon.colcon_core.package_identification:_identify(robot_models/4dof_arm_v2) by extension 'colcon_pkg'
[0.312s] Level 1:colcon.colcon_core.package_identification:_identify(robot_models/4dof_arm_v2) by extensions ['colcon_meta']
[0.312s] Level 1:colcon.colcon_core.package_identification:_identify(robot_models/4dof_arm_v2) by extension 'colcon_meta'
[0.312s] Level 1:colcon.colcon_core.package_identification:_identify(robot_models/4dof_arm_v2) by extensions ['ros']
[0.312s] Level 1:colcon.colcon_core.package_identification:_identify(robot_models/4dof_arm_v2) by extension 'ros'
[0.312s] Level 1:colcon.colcon_core.package_identification:_identify(robot_models/4dof_arm_v2) by extensions ['cmake', 'python']
[0.312s] Level 1:colcon.colcon_core.package_identification:_identify(robot_models/4dof_arm_v2) by extension 'cmake'
[0.312s] Level 1:colcon.colcon_core.package_identification:_identify(robot_models/4dof_arm_v2) by extension 'python'
[0.312s] Level 1:colcon.colcon_core.package_identification:_identify(robot_models/4dof_arm_v2) by extensions ['python_setup_py']
[0.312s] Level 1:colcon.colcon_core.package_identification:_identify(robot_models/4dof_arm_v2) by extension 'python_setup_py'
[0.313s] Level 1:colcon.colcon_core.package_identification:_identify(robot_models/4dof_arm_v2/meshes) by extensions ['ignore', 'ignore_ament_install']
[0.313s] Level 1:colcon.colcon_core.package_identification:_identify(robot_models/4dof_arm_v2/meshes) by extension 'ignore'
[0.313s] Level 1:colcon.colcon_core.package_identification:_identify(robot_models/4dof_arm_v2/meshes) by extension 'ignore_ament_install'
[0.313s] Level 1:colcon.colcon_core.package_identification:_identify(robot_models/4dof_arm_v2/meshes) by extensions ['colcon_pkg']
[0.313s] Level 1:colcon.colcon_core.package_identification:_identify(robot_models/4dof_arm_v2/meshes) by extension 'colcon_pkg'
[0.313s] Level 1:colcon.colcon_core.package_identification:_identify(robot_models/4dof_arm_v2/meshes) by extensions ['colcon_meta']
[0.313s] Level 1:colcon.colcon_core.package_identification:_identify(robot_models/4dof_arm_v2/meshes) by extension 'colcon_meta'
[0.313s] Level 1:colcon.colcon_core.package_identification:_identify(robot_models/4dof_arm_v2/meshes) by extensions ['ros']
[0.313s] Level 1:colcon.colcon_core.package_identification:_identify(robot_models/4dof_arm_v2/meshes) by extension 'ros'
[0.313s] Level 1:colcon.colcon_core.package_identification:_identify(robot_models/4dof_arm_v2/meshes) by extensions ['cmake', 'python']
[0.313s] Level 1:colcon.colcon_core.package_identification:_identify(robot_models/4dof_arm_v2/meshes) by extension 'cmake'
[0.313s] Level 1:colcon.colcon_core.package_identification:_identify(robot_models/4dof_arm_v2/meshes) by extension 'python'
[0.313s] Level 1:colcon.colcon_core.package_identification:_identify(robot_models/4dof_arm_v2/meshes) by extensions ['python_setup_py']
[0.313s] Level 1:colcon.colcon_core.package_identification:_identify(robot_models/4dof_arm_v2/meshes) by extension 'python_setup_py'
[0.313s] Level 1:colcon.colcon_core.package_identification:_identify(src) by extensions ['ignore', 'ignore_ament_install']
[0.313s] Level 1:colcon.colcon_core.package_identification:_identify(src) by extension 'ignore'
[0.313s] Level 1:colcon.colcon_core.package_identification:_identify(src) by extension 'ignore_ament_install'
[0.313s] Level 1:colcon.colcon_core.package_identification:_identify(src) by extensions ['colcon_pkg']
[0.313s] Level 1:colcon.colcon_core.package_identification:_identify(src) by extension 'colcon_pkg'
[0.313s] Level 1:colcon.colcon_core.package_identification:_identify(src) by extensions ['colcon_meta']
[0.313s] Level 1:colcon.colcon_core.package_identification:_identify(src) by extension 'colcon_meta'
[0.314s] Level 1:colcon.colcon_core.package_identification:_identify(src) by extensions ['ros']
[0.314s] Level 1:colcon.colcon_core.package_identification:_identify(src) by extension 'ros'
[0.314s] Level 1:colcon.colcon_core.package_identification:_identify(src) by extensions ['cmake', 'python']
[0.314s] Level 1:colcon.colcon_core.package_identification:_identify(src) by extension 'cmake'
[0.314s] Level 1:colcon.colcon_core.package_identification:_identify(src) by extension 'python'
[0.314s] Level 1:colcon.colcon_core.package_identification:_identify(src) by extensions ['python_setup_py']
[0.314s] Level 1:colcon.colcon_core.package_identification:_identify(src) by extension 'python_setup_py'
[0.314s] Level 1:colcon.colcon_core.package_identification:_identify(src/controller) by extensions ['ignore', 'ignore_ament_install']
[0.314s] Level 1:colcon.colcon_core.package_identification:_identify(src/controller) by extension 'ignore'
[0.314s] Level 1:colcon.colcon_core.package_identification:_identify(src/controller) by extension 'ignore_ament_install'
[0.314s] Level 1:colcon.colcon_core.package_identification:_identify(src/controller) by extensions ['colcon_pkg']
[0.314s] Level 1:colcon.colcon_core.package_identification:_identify(src/controller) by extension 'colcon_pkg'
[0.314s] Level 1:colcon.colcon_core.package_identification:_identify(src/controller) by extensions ['colcon_meta']
[0.314s] Level 1:colcon.colcon_core.package_identification:_identify(src/controller) by extension 'colcon_meta'
[0.314s] Level 1:colcon.colcon_core.package_identification:_identify(src/controller) by extensions ['ros']
[0.314s] Level 1:colcon.colcon_core.package_identification:_identify(src/controller) by extension 'ros'
[0.316s] DEBUG:colcon.colcon_core.package_identification:Package 'src/controller' with type 'ros.ament_python' and name 'controller'
[0.316s] Level 1:colcon.colcon_core.package_identification:_identify(src/simulator) by extensions ['ignore', 'ignore_ament_install']
[0.317s] Level 1:colcon.colcon_core.package_identification:_identify(src/simulator) by extension 'ignore'
[0.317s] Level 1:colcon.colcon_core.package_identification:_identify(src/simulator) by extension 'ignore_ament_install'
[0.317s] Level 1:colcon.colcon_core.package_identification:_identify(src/simulator) by extensions ['colcon_pkg']
[0.317s] Level 1:colcon.colcon_core.package_identification:_identify(src/simulator) by extension 'colcon_pkg'
[0.317s] Level 1:colcon.colcon_core.package_identification:_identify(src/simulator) by extensions ['colcon_meta']
[0.317s] Level 1:colcon.colcon_core.package_identification:_identify(src/simulator) by extension 'colcon_meta'
[0.317s] Level 1:colcon.colcon_core.package_identification:_identify(src/simulator) by extensions ['ros']
[0.317s] Level 1:colcon.colcon_core.package_identification:_identify(src/simulator) by extension 'ros'
[0.317s] DEBUG:colcon.colcon_core.package_identification:Package 'src/simulator' with type 'ros.ament_python' and name 'simulator'
[0.317s] Level 1:colcon.colcon_core.package_discovery:discover_packages(recursive) using defaults
[0.317s] Level 1:colcon.colcon_core.package_discovery:discover_packages(ignore) discover
[0.317s] Level 1:colcon.colcon_core.package_discovery:discover_packages(ignore) using defaults
[0.317s] Level 1:colcon.colcon_core.package_discovery:discover_packages(path) discover
[0.317s] Level 1:colcon.colcon_core.package_discovery:discover_packages(path) using defaults
[0.342s] Level 1:colcon.colcon_core.package_discovery:discover_packages(prefix_path) check parameters
[0.342s] Level 1:colcon.colcon_core.package_discovery:discover_packages(prefix_path) discover
[0.344s] DEBUG:colcon.colcon_installed_package_information.package_discovery:Found 2 installed packages in /home/paul/Documents/GitHub/WebVR-Teleop/teleop_ros_ws/install
[0.346s] DEBUG:colcon.colcon_installed_package_information.package_discovery:Found 367 installed packages in /opt/ros/humble
[0.347s] Level 1:colcon.colcon_core.package_discovery:discover_packages(prefix_path) using defaults
[0.389s] Level 5:colcon.colcon_core.verb:set package 'controller' build argument 'cmake_args' from command line to 'None'
[0.389s] Level 5:colcon.colcon_core.verb:set package 'controller' build argument 'cmake_target' from command line to 'None'
[0.390s] Level 5:colcon.colcon_core.verb:set package 'controller' build argument 'cmake_target_skip_unavailable' from command line to 'False'
[0.390s] Level 5:colcon.colcon_core.verb:set package 'controller' build argument 'cmake_clean_cache' from command line to 'False'
[0.390s] Level 5:colcon.colcon_core.verb:set package 'controller' build argument 'cmake_clean_first' from command line to 'False'
[0.390s] Level 5:colcon.colcon_core.verb:set package 'controller' build argument 'cmake_force_configure' from command line to 'False'
[0.390s] Level 5:colcon.colcon_core.verb:set package 'controller' build argument 'ament_cmake_args' from command line to 'None'
[0.390s] Level 5:colcon.colcon_core.verb:set package 'controller' build argument 'catkin_cmake_args' from command line to 'None'
[0.390s] Level 5:colcon.colcon_core.verb:set package 'controller' build argument 'catkin_skip_building_tests' from command line to 'False'
[0.390s] DEBUG:colcon.colcon_core.verb:Building package 'controller' with the following arguments: {'ament_cmake_args': None, 'build_base': '/home/paul/Documents/GitHub/WebVR-Teleop/teleop_ros_ws/build/controller', 'catkin_cmake_args': None, 'catkin_skip_building_tests': False, 'cmake_args': None, 'cmake_clean_cache': False, 'cmake_clean_first': False, 'cmake_force_configure': False, 'cmake_target': None, 'cmake_target_skip_unavailable': False, 'install_base': '/home/paul/Documents/GitHub/WebVR-Teleop/teleop_ros_ws/install/controller', 'merge_install': False, 'path': '/home/paul/Documents/GitHub/WebVR-Teleop/teleop_ros_ws/src/controller', 'symlink_install': False, 'test_result_base': None}
[0.390s] Level 5:colcon.colcon_core.verb:set package 'simulator' build argument 'cmake_args' from command line to 'None'
[0.390s] Level 5:colcon.colcon_core.verb:set package 'simulator' build argument 'cmake_target' from command line to 'None'
[0.390s] Level 5:colcon.colcon_core.verb:set package 'simulator' build argument 'cmake_target_skip_unavailable' from command line to 'False'
[0.390s] Level 5:colcon.colcon_core.verb:set package 'simulator' build argument 'cmake_clean_cache' from command line to 'False'
[0.390s] Level 5:colcon.colcon_core.verb:set package 'simulator' build argument 'cmake_clean_first' from command line to 'False'
[0.390s] Level 5:colcon.colcon_core.verb:set package 'simulator' build argument 'cmake_force_configure' from command line to 'False'
[0.390s] Level 5:colcon.colcon_core.verb:set package 'simulator' build argument 'ament_cmake_args' from command line to 'None'
[0.390s] Level 5:colcon.colcon_core.verb:set package 'simulator' build argument 'catkin_cmake_args' from command line to 'None'
[0.390s] Level 5:colcon.colcon_core.verb:set package 'simulator' build argument 'catkin_skip_building_tests' from command line to 'False'
[0.390s] DEBUG:colcon.colcon_core.verb:Building package 'simulator' with the following arguments: {'ament_cmake_args': None, 'build_base': '/home/paul/Documents/GitHub/WebVR-Teleop/teleop_ros_ws/build/simulator', 'catkin_cmake_args': None, 'catkin_skip_building_tests': False, 'cmake_args': None, 'cmake_clean_cache': False, 'cmake_clean_first': False, 'cmake_force_configure': False, 'cmake_target': None, 'cmake_target_skip_unavailable': False, 'install_base': '/home/paul/Documents/GitHub/WebVR-Teleop/teleop_ros_ws/install/simulator', 'merge_install': False, 'path': '/home/paul/Documents/GitHub/WebVR-Teleop/teleop_ros_ws/src/simulator', 'symlink_install': False, 'test_result_base': None}
[0.390s] INFO:colcon.colcon_core.executor:Executing jobs using 'parallel' executor
[0.391s] DEBUG:colcon.colcon_parallel_executor.executor.parallel:run_until_complete
[0.392s] INFO:colcon.colcon_ros.task.ament_python.build:Building ROS package in '/home/paul/Documents/GitHub/WebVR-Teleop/teleop_ros_ws/src/controller' with build type 'ament_python'
[0.392s] Level 1:colcon.colcon_core.shell:create_environment_hook('controller', 'ament_prefix_path')
[0.394s] INFO:colcon.colcon_core.plugin_system:Skipping extension 'colcon_core.shell.bat': Not used on non-Windows systems
[0.394s] INFO:colcon.colcon_core.shell:Creating environment hook '/home/paul/Documents/GitHub/WebVR-Teleop/teleop_ros_ws/install/controller/share/controller/hook/ament_prefix_path.ps1'
[0.395s] INFO:colcon.colcon_core.shell:Creating environment descriptor '/home/paul/Documents/GitHub/WebVR-Teleop/teleop_ros_ws/install/controller/share/controller/hook/ament_prefix_path.dsv'
[0.396s] INFO:colcon.colcon_core.shell:Creating environment hook '/home/paul/Documents/GitHub/WebVR-Teleop/teleop_ros_ws/install/controller/share/controller/hook/ament_prefix_path.sh'
[0.397s] INFO:colcon.colcon_core.shell:Skip shell extension 'powershell' for command environment: Not usable outside of PowerShell
[0.397s] DEBUG:colcon.colcon_core.shell:Skip shell extension 'dsv' for command environment
[0.400s] INFO:colcon.colcon_ros.task.ament_python.build:Building ROS package in '/home/paul/Documents/GitHub/WebVR-Teleop/teleop_ros_ws/src/simulator' with build type 'ament_python'
[0.401s] Level 1:colcon.colcon_core.shell:create_environment_hook('simulator', 'ament_prefix_path')
[0.401s] INFO:colcon.colcon_core.shell:Creating environment hook '/home/paul/Documents/GitHub/WebVR-Teleop/teleop_ros_ws/install/simulator/share/simulator/hook/ament_prefix_path.ps1'
[0.401s] INFO:colcon.colcon_core.shell:Creating environment descriptor '/home/paul/Documents/GitHub/WebVR-Teleop/teleop_ros_ws/install/simulator/share/simulator/hook/ament_prefix_path.dsv'
[0.402s] INFO:colcon.colcon_core.shell:Creating environment hook '/home/paul/Documents/GitHub/WebVR-Teleop/teleop_ros_ws/install/simulator/share/simulator/hook/ament_prefix_path.sh'
[0.402s] INFO:colcon.colcon_core.shell:Skip shell extension 'powershell' for command environment: Not usable outside of PowerShell
[0.402s] DEBUG:colcon.colcon_core.shell:Skip shell extension 'dsv' for command environment
[0.684s] INFO:colcon.colcon_core.task.python.build:Building Python package in '/home/paul/Documents/GitHub/WebVR-Teleop/teleop_ros_ws/src/controller'
[0.684s] INFO:colcon.colcon_core.shell:Skip shell extension 'powershell' for command environment: Not usable outside of PowerShell
[0.685s] DEBUG:colcon.colcon_core.shell:Skip shell extension 'dsv' for command environment
[0.981s] INFO:colcon.colcon_core.task.python.build:Building Python package in '/home/paul/Documents/GitHub/WebVR-Teleop/teleop_ros_ws/src/simulator'
[0.981s] INFO:colcon.colcon_core.shell:Skip shell extension 'powershell' for command environment: Not usable outside of PowerShell
[0.981s] DEBUG:colcon.colcon_core.shell:Skip shell extension 'dsv' for command environment
[1.393s] DEBUG:colcon.colcon_core.event_handler.log_command:Invoking command in '/home/paul/Documents/GitHub/WebVR-Teleop/teleop_ros_ws/src/controller': PYTHONPATH=/home/paul/Documents/GitHub/WebVR-Teleop/teleop_ros_ws/build/controller/prefix_override:/usr/lib/python3/dist-packages/colcon_core/task/python/colcon_distutils_commands:/home/paul/Documents/GitHub/WebVR-Teleop/teleop_ros_ws/install/controller/lib/python3.10/site-packages:${PYTHONPATH} /usr/bin/python3 -W ignore:setup.py install is deprecated setup.py egg_info --egg-base ../../build/controller build --build-base /home/paul/Documents/GitHub/WebVR-Teleop/teleop_ros_ws/build/controller/build install --record /home/paul/Documents/GitHub/WebVR-Teleop/teleop_ros_ws/build/controller/install.log --single-version-externally-managed install_data
[1.407s] DEBUG:colcon.colcon_core.event_handler.log_command:Invoking command in '/home/paul/Documents/GitHub/WebVR-Teleop/teleop_ros_ws/src/simulator': PYTHONPATH=/home/paul/Documents/GitHub/WebVR-Teleop/teleop_ros_ws/build/simulator/prefix_override:/usr/lib/python3/dist-packages/colcon_core/task/python/colcon_distutils_commands:/home/paul/Documents/GitHub/WebVR-Teleop/teleop_ros_ws/install/simulator/lib/python3.10/site-packages:${PYTHONPATH} /usr/bin/python3 -W ignore:setup.py install is deprecated setup.py egg_info --egg-base ../../build/simulator build --build-base /home/paul/Documents/GitHub/WebVR-Teleop/teleop_ros_ws/build/simulator/build install --record /home/paul/Documents/GitHub/WebVR-Teleop/teleop_ros_ws/build/simulator/install.log --single-version-externally-managed install_data
[1.726s] DEBUG:colcon.colcon_core.event_handler.log_command:Invoked command in '/home/paul/Documents/GitHub/WebVR-Teleop/teleop_ros_ws/src/controller' returned '0': PYTHONPATH=/home/paul/Documents/GitHub/WebVR-Teleop/teleop_ros_ws/build/controller/prefix_override:/usr/lib/python3/dist-packages/colcon_core/task/python/colcon_distutils_commands:/home/paul/Documents/GitHub/WebVR-Teleop/teleop_ros_ws/install/controller/lib/python3.10/site-packages:${PYTHONPATH} /usr/bin/python3 -W ignore:setup.py install is deprecated setup.py egg_info --egg-base ../../build/controller build --build-base /home/paul/Documents/GitHub/WebVR-Teleop/teleop_ros_ws/build/controller/build install --record /home/paul/Documents/GitHub/WebVR-Teleop/teleop_ros_ws/build/controller/install.log --single-version-externally-managed install_data
[1.727s] Level 1:colcon.colcon_core.environment:checking '/home/paul/Documents/GitHub/WebVR-Teleop/teleop_ros_ws/install/controller' for CMake module files
[1.728s] Level 1:colcon.colcon_core.environment:checking '/home/paul/Documents/GitHub/WebVR-Teleop/teleop_ros_ws/install/controller' for CMake config files
[1.728s] Level 1:colcon.colcon_core.environment:checking '/home/paul/Documents/GitHub/WebVR-Teleop/teleop_ros_ws/install/controller/lib'
[1.729s] Level 1:colcon.colcon_core.environment:checking '/home/paul/Documents/GitHub/WebVR-Teleop/teleop_ros_ws/install/controller/bin'
[1.729s] Level 1:colcon.colcon_core.environment:checking '/home/paul/Documents/GitHub/WebVR-Teleop/teleop_ros_ws/install/controller/lib/pkgconfig/controller.pc'
[1.729s] Level 1:colcon.colcon_core.environment:checking '/home/paul/Documents/GitHub/WebVR-Teleop/teleop_ros_ws/install/controller/lib/python3.10/site-packages'
[1.729s] Level 1:colcon.colcon_core.shell:create_environment_hook('controller', 'pythonpath')
[1.729s] INFO:colcon.colcon_core.shell:Creating environment hook '/home/paul/Documents/GitHub/WebVR-Teleop/teleop_ros_ws/install/controller/share/controller/hook/pythonpath.ps1'
[1.730s] INFO:colcon.colcon_core.shell:Creating environment descriptor '/home/paul/Documents/GitHub/WebVR-Teleop/teleop_ros_ws/install/controller/share/controller/hook/pythonpath.dsv'
[1.730s] INFO:colcon.colcon_core.shell:Creating environment hook '/home/paul/Documents/GitHub/WebVR-Teleop/teleop_ros_ws/install/controller/share/controller/hook/pythonpath.sh'
[1.730s] Level 1:colcon.colcon_core.environment:checking '/home/paul/Documents/GitHub/WebVR-Teleop/teleop_ros_ws/install/controller/bin'
[1.730s] Level 1:colcon.colcon_core.environment:create_environment_scripts_only(controller)
[1.731s] INFO:colcon.colcon_core.shell:Creating package script '/home/paul/Documents/GitHub/WebVR-Teleop/teleop_ros_ws/install/controller/share/controller/package.ps1'
[1.731s] INFO:colcon.colcon_core.shell:Creating package descriptor '/home/paul/Documents/GitHub/WebVR-Teleop/teleop_ros_ws/install/controller/share/controller/package.dsv'
[1.732s] INFO:colcon.colcon_core.shell:Creating package script '/home/paul/Documents/GitHub/WebVR-Teleop/teleop_ros_ws/install/controller/share/controller/package.sh'
[1.733s] INFO:colcon.colcon_core.shell:Creating package script '/home/paul/Documents/GitHub/WebVR-Teleop/teleop_ros_ws/install/controller/share/controller/package.bash'
[1.733s] INFO:colcon.colcon_core.shell:Creating package script '/home/paul/Documents/GitHub/WebVR-Teleop/teleop_ros_ws/install/controller/share/controller/package.zsh'
[1.734s] Level 1:colcon.colcon_core.environment:create_file_with_runtime_dependencies(/home/paul/Documents/GitHub/WebVR-Teleop/teleop_ros_ws/install/controller/share/colcon-core/packages/controller)
[1.747s] Level 1:colcon.colcon_core.environment:checking '/home/paul/Documents/GitHub/WebVR-Teleop/teleop_ros_ws/install/simulator' for CMake module files
[1.748s] DEBUG:colcon.colcon_core.event_handler.log_command:Invoked command in '/home/paul/Documents/GitHub/WebVR-Teleop/teleop_ros_ws/src/simulator' returned '0': PYTHONPATH=/home/paul/Documents/GitHub/WebVR-Teleop/teleop_ros_ws/build/simulator/prefix_override:/usr/lib/python3/dist-packages/colcon_core/task/python/colcon_distutils_commands:/home/paul/Documents/GitHub/WebVR-Teleop/teleop_ros_ws/install/simulator/lib/python3.10/site-packages:${PYTHONPATH} /usr/bin/python3 -W ignore:setup.py install is deprecated setup.py egg_info --egg-base ../../build/simulator build --build-base /home/paul/Documents/GitHub/WebVR-Teleop/teleop_ros_ws/build/simulator/build install --record /home/paul/Documents/GitHub/WebVR-Teleop/teleop_ros_ws/build/simulator/install.log --single-version-externally-managed install_data
[1.749s] Level 1:colcon.colcon_core.environment:checking '/home/paul/Documents/GitHub/WebVR-Teleop/teleop_ros_ws/install/simulator' for CMake config files
[1.749s] Level 1:colcon.colcon_core.environment:checking '/home/paul/Documents/GitHub/WebVR-Teleop/teleop_ros_ws/install/simulator/lib'
[1.749s] Level 1:colcon.colcon_core.environment:checking '/home/paul/Documents/GitHub/WebVR-Teleop/teleop_ros_ws/install/simulator/bin'
[1.749s] Level 1:colcon.colcon_core.environment:checking '/home/paul/Documents/GitHub/WebVR-Teleop/teleop_ros_ws/install/simulator/lib/pkgconfig/simulator.pc'
[1.750s] Level 1:colcon.colcon_core.environment:checking '/home/paul/Documents/GitHub/WebVR-Teleop/teleop_ros_ws/install/simulator/lib/python3.10/site-packages'
[1.750s] Level 1:colcon.colcon_core.shell:create_environment_hook('simulator', 'pythonpath')
[1.750s] INFO:colcon.colcon_core.shell:Creating environment hook '/home/paul/Documents/GitHub/WebVR-Teleop/teleop_ros_ws/install/simulator/share/simulator/hook/pythonpath.ps1'
[1.750s] INFO:colcon.colcon_core.shell:Creating environment descriptor '/home/paul/Documents/GitHub/WebVR-Teleop/teleop_ros_ws/install/simulator/share/simulator/hook/pythonpath.dsv'
[1.751s] INFO:colcon.colcon_core.shell:Creating environment hook '/home/paul/Documents/GitHub/WebVR-Teleop/teleop_ros_ws/install/simulator/share/simulator/hook/pythonpath.sh'
[1.751s] Level 1:colcon.colcon_core.environment:checking '/home/paul/Documents/GitHub/WebVR-Teleop/teleop_ros_ws/install/simulator/bin'
[1.751s] Level 1:colcon.colcon_core.environment:create_environment_scripts_only(simulator)
[1.752s] INFO:colcon.colcon_core.shell:Creating package script '/home/paul/Documents/GitHub/WebVR-Teleop/teleop_ros_ws/install/simulator/share/simulator/package.ps1'
[1.752s] INFO:colcon.colcon_core.shell:Creating package descriptor '/home/paul/Documents/GitHub/WebVR-Teleop/teleop_ros_ws/install/simulator/share/simulator/package.dsv'
[1.752s] INFO:colcon.colcon_core.shell:Creating package script '/home/paul/Documents/GitHub/WebVR-Teleop/teleop_ros_ws/install/simulator/share/simulator/package.sh'
[1.753s] INFO:colcon.colcon_core.shell:Creating package script '/home/paul/Documents/GitHub/WebVR-Teleop/teleop_ros_ws/install/simulator/share/simulator/package.bash'
[1.753s] INFO:colcon.colcon_core.shell:Creating package script '/home/paul/Documents/GitHub/WebVR-Teleop/teleop_ros_ws/install/simulator/share/simulator/package.zsh'
[1.753s] Level 1:colcon.colcon_core.environment:create_file_with_runtime_dependencies(/home/paul/Documents/GitHub/WebVR-Teleop/teleop_ros_ws/install/simulator/share/colcon-core/packages/simulator)
[1.754s] DEBUG:colcon.colcon_parallel_executor.executor.parallel:closing loop
[1.754s] DEBUG:colcon.colcon_parallel_executor.executor.parallel:loop closed
[1.754s] DEBUG:colcon.colcon_parallel_executor.executor.parallel:run_until_complete finished with '0'
[1.754s] DEBUG:colcon.colcon_core.event_reactor:joining thread
[1.759s] INFO:colcon.colcon_core.plugin_system:Skipping extension 'colcon_notification.desktop_notification.terminal_notifier': Not used on non-Darwin systems
[1.759s] INFO:colcon.colcon_core.plugin_system:Skipping extension 'colcon_notification.desktop_notification.win32': Not used on non-Windows systems
[1.759s] INFO:colcon.colcon_notification.desktop_notification:Sending desktop notification using 'notify2'
[1.771s] DEBUG:colcon.colcon_core.event_reactor:joined thread
[1.771s] INFO:colcon.colcon_core.shell:Creating prefix script '/home/paul/Documents/GitHub/WebVR-Teleop/teleop_ros_ws/install/local_setup.ps1'
[1.772s] INFO:colcon.colcon_core.shell:Creating prefix util module '/home/paul/Documents/GitHub/WebVR-Teleop/teleop_ros_ws/install/_local_setup_util_ps1.py'
[1.774s] INFO:colcon.colcon_core.shell:Creating prefix chain script '/home/paul/Documents/GitHub/WebVR-Teleop/teleop_ros_ws/install/setup.ps1'
[1.775s] INFO:colcon.colcon_core.shell:Creating prefix script '/home/paul/Documents/GitHub/WebVR-Teleop/teleop_ros_ws/install/local_setup.sh'
[1.775s] INFO:colcon.colcon_core.shell:Creating prefix util module '/home/paul/Documents/GitHub/WebVR-Teleop/teleop_ros_ws/install/_local_setup_util_sh.py'
[1.776s] INFO:colcon.colcon_core.shell:Creating prefix chain script '/home/paul/Documents/GitHub/WebVR-Teleop/teleop_ros_ws/install/setup.sh'
[1.777s] INFO:colcon.colcon_core.shell:Creating prefix script '/home/paul/Documents/GitHub/WebVR-Teleop/teleop_ros_ws/install/local_setup.bash'
[1.778s] INFO:colcon.colcon_core.shell:Creating prefix chain script '/home/paul/Documents/GitHub/WebVR-Teleop/teleop_ros_ws/install/setup.bash'
[1.779s] INFO:colcon.colcon_core.shell:Creating prefix script '/home/paul/Documents/GitHub/WebVR-Teleop/teleop_ros_ws/install/local_setup.zsh'
[1.779s] INFO:colcon.colcon_core.shell:Creating prefix chain script '/home/paul/Documents/GitHub/WebVR-Teleop/teleop_ros_ws/install/setup.zsh'
