running egg_info
creating ../../build/simulator/simulator.egg-info
writing ../../build/simulator/simulator.egg-info/PKG-INFO
writing dependency_links to ../../build/simulator/simulator.egg-info/dependency_links.txt
writing entry points to ../../build/simulator/simulator.egg-info/entry_points.txt
writing requirements to ../../build/simulator/simulator.egg-info/requires.txt
writing top-level names to ../../build/simulator/simulator.egg-info/top_level.txt
writing manifest file '../../build/simulator/simulator.egg-info/SOURCES.txt'
reading manifest file '../../build/simulator/simulator.egg-info/SOURCES.txt'
adding license file 'LICENSE'
writing manifest file '../../build/simulator/simulator.egg-info/SOURCES.txt'
running build
running build_py
creating /home/paul/Documents/GitHub/WebVR-Teleop/teleop_ros_ws/build/simulator/build
creating /home/paul/Documents/GitHub/WebVR-Teleop/teleop_ros_ws/build/simulator/build/lib
creating /home/paul/Documents/GitHub/WebVR-Teleop/teleop_ros_ws/build/simulator/build/lib/simulator
copying simulator/__init__.py -> /home/paul/Documents/GitHub/WebVR-Teleop/teleop_ros_ws/build/simulator/build/lib/simulator
copying simulator/kinematic_sim.py -> /home/paul/Documents/GitHub/WebVR-Teleop/teleop_ros_ws/build/simulator/build/lib/simulator
running install
running install_lib
creating /home/paul/Documents/GitHub/WebVR-Teleop/teleop_ros_ws/install/simulator/lib/python3.10/site-packages/simulator
copying /home/paul/Documents/GitHub/WebVR-Teleop/teleop_ros_ws/build/simulator/build/lib/simulator/__init__.py -> /home/paul/Documents/GitHub/WebVR-Teleop/teleop_ros_ws/install/simulator/lib/python3.10/site-packages/simulator
copying /home/paul/Documents/GitHub/WebVR-Teleop/teleop_ros_ws/build/simulator/build/lib/simulator/kinematic_sim.py -> /home/paul/Documents/GitHub/WebVR-Teleop/teleop_ros_ws/install/simulator/lib/python3.10/site-packages/simulator
byte-compiling /home/paul/Documents/GitHub/WebVR-Teleop/teleop_ros_ws/install/simulator/lib/python3.10/site-packages/simulator/__init__.py to __init__.cpython-310.pyc
byte-compiling /home/paul/Documents/GitHub/WebVR-Teleop/teleop_ros_ws/install/simulator/lib/python3.10/site-packages/simulator/kinematic_sim.py to kinematic_sim.cpython-310.pyc
running install_data
creating /home/paul/Documents/GitHub/WebVR-Teleop/teleop_ros_ws/install/simulator/share/ament_index
creating /home/paul/Documents/GitHub/WebVR-Teleop/teleop_ros_ws/install/simulator/share/ament_index/resource_index
creating /home/paul/Documents/GitHub/WebVR-Teleop/teleop_ros_ws/install/simulator/share/ament_index/resource_index/packages
copying resource/simulator -> /home/paul/Documents/GitHub/WebVR-Teleop/teleop_ros_ws/install/simulator/share/ament_index/resource_index/packages
copying package.xml -> /home/paul/Documents/GitHub/WebVR-Teleop/teleop_ros_ws/install/simulator/share/simulator
running install_egg_info
Copying ../../build/simulator/simulator.egg-info to /home/paul/Documents/GitHub/WebVR-Teleop/teleop_ros_ws/install/simulator/lib/python3.10/site-packages/simulator-0.0.0-py3.10.egg-info
running install_scripts
Installing ik_sim script to /home/paul/Documents/GitHub/WebVR-Teleop/teleop_ros_ws/install/simulator/lib/simulator
writing list of installed files to '/home/paul/Documents/GitHub/WebVR-Teleop/teleop_ros_ws/build/simulator/install.log'
