[1.053s] Invoking command in '/home/paul/Documents/GitHub/WebVR-Teleop/teleop_ros_ws/src/simulator': PYTHONPATH=/home/paul/Documents/GitHub/WebVR-Teleop/teleop_ros_ws/build/simulator/prefix_override:/usr/lib/python3/dist-packages/colcon_core/task/python/colcon_distutils_commands:/home/paul/Documents/GitHub/WebVR-Teleop/teleop_ros_ws/install/simulator/lib/python3.10/site-packages:${PYTHONPATH} /usr/bin/python3 -W ignore:setup.py install is deprecated setup.py egg_info --egg-base ../../build/simulator build --build-base /home/paul/Documents/GitHub/WebVR-Teleop/teleop_ros_ws/build/simulator/build install --record /home/paul/Documents/GitHub/WebVR-Teleop/teleop_ros_ws/build/simulator/install.log --single-version-externally-managed install_data
[1.324s] running egg_info
[1.324s] creating ../../build/simulator/simulator.egg-info
[1.325s] writing ../../build/simulator/simulator.egg-info/PKG-INFO
[1.325s] writing dependency_links to ../../build/simulator/simulator.egg-info/dependency_links.txt
[1.325s] writing entry points to ../../build/simulator/simulator.egg-info/entry_points.txt
[1.325s] writing requirements to ../../build/simulator/simulator.egg-info/requires.txt
[1.325s] writing top-level names to ../../build/simulator/simulator.egg-info/top_level.txt
[1.326s] writing manifest file '../../build/simulator/simulator.egg-info/SOURCES.txt'
[1.328s] reading manifest file '../../build/simulator/simulator.egg-info/SOURCES.txt'
[1.328s] adding license file 'LICENSE'
[1.329s] writing manifest file '../../build/simulator/simulator.egg-info/SOURCES.txt'
[1.329s] running build
[1.329s] running build_py
[1.329s] creating /home/paul/Documents/GitHub/WebVR-Teleop/teleop_ros_ws/build/simulator/build
[1.329s] creating /home/paul/Documents/GitHub/WebVR-Teleop/teleop_ros_ws/build/simulator/build/lib
[1.329s] creating /home/paul/Documents/GitHub/WebVR-Teleop/teleop_ros_ws/build/simulator/build/lib/simulator
[1.329s] copying simulator/__init__.py -> /home/paul/Documents/GitHub/WebVR-Teleop/teleop_ros_ws/build/simulator/build/lib/simulator
[1.329s] copying simulator/kinematic_sim.py -> /home/paul/Documents/GitHub/WebVR-Teleop/teleop_ros_ws/build/simulator/build/lib/simulator
[1.330s] running install
[1.330s] running install_lib
[1.331s] creating /home/paul/Documents/GitHub/WebVR-Teleop/teleop_ros_ws/install/simulator/lib/python3.10/site-packages/simulator
[1.331s] copying /home/paul/Documents/GitHub/WebVR-Teleop/teleop_ros_ws/build/simulator/build/lib/simulator/__init__.py -> /home/paul/Documents/GitHub/WebVR-Teleop/teleop_ros_ws/install/simulator/lib/python3.10/site-packages/simulator
[1.331s] copying /home/paul/Documents/GitHub/WebVR-Teleop/teleop_ros_ws/build/simulator/build/lib/simulator/kinematic_sim.py -> /home/paul/Documents/GitHub/WebVR-Teleop/teleop_ros_ws/install/simulator/lib/python3.10/site-packages/simulator
[1.331s] byte-compiling /home/paul/Documents/GitHub/WebVR-Teleop/teleop_ros_ws/install/simulator/lib/python3.10/site-packages/simulator/__init__.py to __init__.cpython-310.pyc
[1.331s] byte-compiling /home/paul/Documents/GitHub/WebVR-Teleop/teleop_ros_ws/install/simulator/lib/python3.10/site-packages/simulator/kinematic_sim.py to kinematic_sim.cpython-310.pyc
[1.332s] running install_data
[1.332s] creating /home/paul/Documents/GitHub/WebVR-Teleop/teleop_ros_ws/install/simulator/share/ament_index
[1.333s] creating /home/paul/Documents/GitHub/WebVR-Teleop/teleop_ros_ws/install/simulator/share/ament_index/resource_index
[1.333s] creating /home/paul/Documents/GitHub/WebVR-Teleop/teleop_ros_ws/install/simulator/share/ament_index/resource_index/packages
[1.333s] copying resource/simulator -> /home/paul/Documents/GitHub/WebVR-Teleop/teleop_ros_ws/install/simulator/share/ament_index/resource_index/packages
[1.333s] copying package.xml -> /home/paul/Documents/GitHub/WebVR-Teleop/teleop_ros_ws/install/simulator/share/simulator
[1.333s] running install_egg_info
[1.335s] Copying ../../build/simulator/simulator.egg-info to /home/paul/Documents/GitHub/WebVR-Teleop/teleop_ros_ws/install/simulator/lib/python3.10/site-packages/simulator-0.0.0-py3.10.egg-info
[1.336s] running install_scripts
[1.357s] Installing ik_sim script to /home/paul/Documents/GitHub/WebVR-Teleop/teleop_ros_ws/install/simulator/lib/simulator
[1.357s] writing list of installed files to '/home/paul/Documents/GitHub/WebVR-Teleop/teleop_ros_ws/build/simulator/install.log'
[1.381s] Invoked command in '/home/paul/Documents/GitHub/WebVR-Teleop/teleop_ros_ws/src/simulator' returned '0': PYTHONPATH=/home/paul/Documents/GitHub/WebVR-Teleop/teleop_ros_ws/build/simulator/prefix_override:/usr/lib/python3/dist-packages/colcon_core/task/python/colcon_distutils_commands:/home/paul/Documents/GitHub/WebVR-Teleop/teleop_ros_ws/install/simulator/lib/python3.10/site-packages:${PYTHONPATH} /usr/bin/python3 -W ignore:setup.py install is deprecated setup.py egg_info --egg-base ../../build/simulator build --build-base /home/paul/Documents/GitHub/WebVR-Teleop/teleop_ros_ws/build/simulator/build install --record /home/paul/Documents/GitHub/WebVR-Teleop/teleop_ros_ws/build/simulator/install.log --single-version-externally-managed install_data
