[0.804s] Invoking command in '/home/paul/Documents/GitHub/WebVR-Teleop/teleop_ros_ws/src/controller': PYTHONPATH=/home/paul/Documents/GitHub/WebVR-Teleop/teleop_ros_ws/build/controller/prefix_override:/usr/lib/python3/dist-packages/colcon_core/task/python/colcon_distutils_commands:/home/paul/Documents/GitHub/WebVR-Teleop/teleop_ros_ws/install/controller/lib/python3.10/site-packages:${PYTHONPATH} /usr/bin/python3 -W ignore:setup.py install is deprecated setup.py egg_info --egg-base ../../build/controller build --build-base /home/paul/Documents/GitHub/WebVR-Teleop/teleop_ros_ws/build/controller/build install --record /home/paul/Documents/GitHub/WebVR-Teleop/teleop_ros_ws/build/controller/install.log --single-version-externally-managed install_data
[1.124s] running egg_info
[1.125s] writing ../../build/controller/controller.egg-info/PKG-INFO
[1.125s] writing dependency_links to ../../build/controller/controller.egg-info/dependency_links.txt
[1.125s] writing entry points to ../../build/controller/controller.egg-info/entry_points.txt
[1.125s] writing requirements to ../../build/controller/controller.egg-info/requires.txt
[1.125s] writing top-level names to ../../build/controller/controller.egg-info/top_level.txt
[1.128s] reading manifest file '../../build/controller/controller.egg-info/SOURCES.txt'
[1.128s] adding license file 'LICENSE'
[1.130s] writing manifest file '../../build/controller/controller.egg-info/SOURCES.txt'
[1.131s] running build
[1.131s] running build_py
[1.131s] copying controller/ik_ref_generator.py -> /home/paul/Documents/GitHub/WebVR-Teleop/teleop_ros_ws/build/controller/build/lib/controller
[1.131s] running install
[1.132s] running install_lib
[1.133s] copying /home/paul/Documents/GitHub/WebVR-Teleop/teleop_ros_ws/build/controller/build/lib/controller/ik_ref_generator.py -> /home/paul/Documents/GitHub/WebVR-Teleop/teleop_ros_ws/install/controller/lib/python3.10/site-packages/controller
[1.134s] byte-compiling /home/paul/Documents/GitHub/WebVR-Teleop/teleop_ros_ws/install/controller/lib/python3.10/site-packages/controller/ik_ref_generator.py to ik_ref_generator.cpython-310.pyc
[1.134s] running install_data
[1.134s] running install_egg_info
[1.136s] removing '/home/paul/Documents/GitHub/WebVR-Teleop/teleop_ros_ws/install/controller/lib/python3.10/site-packages/controller-0.0.0-py3.10.egg-info' (and everything under it)
[1.136s] Copying ../../build/controller/controller.egg-info to /home/paul/Documents/GitHub/WebVR-Teleop/teleop_ros_ws/install/controller/lib/python3.10/site-packages/controller-0.0.0-py3.10.egg-info
[1.137s] running install_scripts
[1.159s] Installing ik_ref_generator script to /home/paul/Documents/GitHub/WebVR-Teleop/teleop_ros_ws/install/controller/lib/controller
[1.159s] writing list of installed files to '/home/paul/Documents/GitHub/WebVR-Teleop/teleop_ros_ws/build/controller/install.log'
[1.189s] Invoked command in '/home/paul/Documents/GitHub/WebVR-Teleop/teleop_ros_ws/src/controller' returned '0': PYTHONPATH=/home/paul/Documents/GitHub/WebVR-Teleop/teleop_ros_ws/build/controller/prefix_override:/usr/lib/python3/dist-packages/colcon_core/task/python/colcon_distutils_commands:/home/paul/Documents/GitHub/WebVR-Teleop/teleop_ros_ws/install/controller/lib/python3.10/site-packages:${PYTHONPATH} /usr/bin/python3 -W ignore:setup.py install is deprecated setup.py egg_info --egg-base ../../build/controller build --build-base /home/paul/Documents/GitHub/WebVR-Teleop/teleop_ros_ws/build/controller/build install --record /home/paul/Documents/GitHub/WebVR-Teleop/teleop_ros_ws/build/controller/install.log --single-version-externally-managed install_data
