[0.696s] Invoking command in '/home/paul/Documents/GitHub/WebVR-Teleop/teleop_ros_ws/src/controller': PYTHONPATH=/home/paul/Documents/GitHub/WebVR-Teleop/teleop_ros_ws/build/controller/prefix_override:/usr/lib/python3/dist-packages/colcon_core/task/python/colcon_distutils_commands:/home/paul/Documents/GitHub/WebVR-Teleop/teleop_ros_ws/install/controller/lib/python3.10/site-packages:${PYTHONPATH} /usr/bin/python3 -W ignore:setup.py install is deprecated setup.py egg_info --egg-base ../../build/controller build --build-base /home/paul/Documents/GitHub/WebVR-Teleop/teleop_ros_ws/build/controller/build install --record /home/paul/Documents/GitHub/WebVR-Teleop/teleop_ros_ws/build/controller/install.log --single-version-externally-managed install_data
[0.996s] running egg_info
[0.996s] creating ../../build/controller/controller.egg-info
[0.996s] writing ../../build/controller/controller.egg-info/PKG-INFO
[0.997s] writing dependency_links to ../../build/controller/controller.egg-info/dependency_links.txt
[0.997s] writing entry points to ../../build/controller/controller.egg-info/entry_points.txt
[0.997s] writing requirements to ../../build/controller/controller.egg-info/requires.txt
[0.997s] writing top-level names to ../../build/controller/controller.egg-info/top_level.txt
[0.997s] writing manifest file '../../build/controller/controller.egg-info/SOURCES.txt'
[0.999s] reading manifest file '../../build/controller/controller.egg-info/SOURCES.txt'
[0.999s] adding license file 'LICENSE'
[0.999s] writing manifest file '../../build/controller/controller.egg-info/SOURCES.txt'
[1.000s] running build
[1.000s] running build_py
[1.000s] creating /home/paul/Documents/GitHub/WebVR-Teleop/teleop_ros_ws/build/controller/build
[1.000s] creating /home/paul/Documents/GitHub/WebVR-Teleop/teleop_ros_ws/build/controller/build/lib
[1.000s] creating /home/paul/Documents/GitHub/WebVR-Teleop/teleop_ros_ws/build/controller/build/lib/controller
[1.000s] copying controller/__init__.py -> /home/paul/Documents/GitHub/WebVR-Teleop/teleop_ros_ws/build/controller/build/lib/controller
[1.000s] running install
[1.000s] running install_lib
[1.001s] creating /home/paul/Documents/GitHub/WebVR-Teleop/teleop_ros_ws/install/controller/lib/python3.10/site-packages/controller
[1.001s] copying /home/paul/Documents/GitHub/WebVR-Teleop/teleop_ros_ws/build/controller/build/lib/controller/__init__.py -> /home/paul/Documents/GitHub/WebVR-Teleop/teleop_ros_ws/install/controller/lib/python3.10/site-packages/controller
[1.002s] byte-compiling /home/paul/Documents/GitHub/WebVR-Teleop/teleop_ros_ws/install/controller/lib/python3.10/site-packages/controller/__init__.py to __init__.cpython-310.pyc
[1.002s] running install_data
[1.002s] creating /home/paul/Documents/GitHub/WebVR-Teleop/teleop_ros_ws/install/controller/share/ament_index
[1.002s] creating /home/paul/Documents/GitHub/WebVR-Teleop/teleop_ros_ws/install/controller/share/ament_index/resource_index
[1.002s] creating /home/paul/Documents/GitHub/WebVR-Teleop/teleop_ros_ws/install/controller/share/ament_index/resource_index/packages
[1.002s] copying resource/controller -> /home/paul/Documents/GitHub/WebVR-Teleop/teleop_ros_ws/install/controller/share/ament_index/resource_index/packages
[1.002s] copying package.xml -> /home/paul/Documents/GitHub/WebVR-Teleop/teleop_ros_ws/install/controller/share/controller
[1.002s] running install_egg_info
[1.004s] Copying ../../build/controller/controller.egg-info to /home/paul/Documents/GitHub/WebVR-Teleop/teleop_ros_ws/install/controller/lib/python3.10/site-packages/controller-0.0.0-py3.10.egg-info
[1.005s] running install_scripts
[1.029s] writing list of installed files to '/home/paul/Documents/GitHub/WebVR-Teleop/teleop_ros_ws/build/controller/install.log'
[1.054s] Invoked command in '/home/paul/Documents/GitHub/WebVR-Teleop/teleop_ros_ws/src/controller' returned '0': PYTHONPATH=/home/paul/Documents/GitHub/WebVR-Teleop/teleop_ros_ws/build/controller/prefix_override:/usr/lib/python3/dist-packages/colcon_core/task/python/colcon_distutils_commands:/home/paul/Documents/GitHub/WebVR-Teleop/teleop_ros_ws/install/controller/lib/python3.10/site-packages:${PYTHONPATH} /usr/bin/python3 -W ignore:setup.py install is deprecated setup.py egg_info --egg-base ../../build/controller build --build-base /home/paul/Documents/GitHub/WebVR-Teleop/teleop_ros_ws/build/controller/build install --record /home/paul/Documents/GitHub/WebVR-Teleop/teleop_ros_ws/build/controller/install.log --single-version-externally-managed install_data
