[0.659s] Invoking command in '/home/paul/Documents/GitHub/WebVR-Teleop/teleop_ros_ws/src/controller': PYTHONPATH=/home/paul/Documents/GitHub/WebVR-Teleop/teleop_ros_ws/build/controller/prefix_override:/usr/lib/python3/dist-packages/colcon_core/task/python/colcon_distutils_commands:/home/paul/Documents/GitHub/WebVR-Teleop/teleop_ros_ws/install/controller/lib/python3.10/site-packages:${PYTHONPATH} /usr/bin/python3 -W ignore:setup.py install is deprecated setup.py egg_info --egg-base ../../build/controller build --build-base /home/paul/Documents/GitHub/WebVR-Teleop/teleop_ros_ws/build/controller/build install --record /home/paul/Documents/GitHub/WebVR-Teleop/teleop_ros_ws/build/controller/install.log --single-version-externally-managed install_data
[0.914s] running egg_info
[0.914s] writing ../../build/controller/controller.egg-info/PKG-INFO
[0.914s] writing dependency_links to ../../build/controller/controller.egg-info/dependency_links.txt
[0.915s] writing entry points to ../../build/controller/controller.egg-info/entry_points.txt
[0.915s] writing requirements to ../../build/controller/controller.egg-info/requires.txt
[0.915s] writing top-level names to ../../build/controller/controller.egg-info/top_level.txt
[0.917s] reading manifest file '../../build/controller/controller.egg-info/SOURCES.txt'
[0.917s] adding license file 'LICENSE'
[0.917s] writing manifest file '../../build/controller/controller.egg-info/SOURCES.txt'
[0.918s] running build
[0.918s] running build_py
[0.918s] running install
[0.919s] running install_lib
[0.920s] running install_data
[0.920s] running install_egg_info
[0.922s] removing '/home/paul/Documents/GitHub/WebVR-Teleop/teleop_ros_ws/install/controller/lib/python3.10/site-packages/controller-0.0.0-py3.10.egg-info' (and everything under it)
[0.922s] Copying ../../build/controller/controller.egg-info to /home/paul/Documents/GitHub/WebVR-Teleop/teleop_ros_ws/install/controller/lib/python3.10/site-packages/controller-0.0.0-py3.10.egg-info
[0.923s] running install_scripts
[0.942s] Installing ik_ref_generator script to /home/paul/Documents/GitHub/WebVR-Teleop/teleop_ros_ws/install/controller/lib/controller
[0.943s] writing list of installed files to '/home/paul/Documents/GitHub/WebVR-Teleop/teleop_ros_ws/build/controller/install.log'
[0.960s] Invoked command in '/home/paul/Documents/GitHub/WebVR-Teleop/teleop_ros_ws/src/controller' returned '0': PYTHONPATH=/home/paul/Documents/GitHub/WebVR-Teleop/teleop_ros_ws/build/controller/prefix_override:/usr/lib/python3/dist-packages/colcon_core/task/python/colcon_distutils_commands:/home/paul/Documents/GitHub/WebVR-Teleop/teleop_ros_ws/install/controller/lib/python3.10/site-packages:${PYTHONPATH} /usr/bin/python3 -W ignore:setup.py install is deprecated setup.py egg_info --egg-base ../../build/controller build --build-base /home/paul/Documents/GitHub/WebVR-Teleop/teleop_ros_ws/build/controller/build install --record /home/paul/Documents/GitHub/WebVR-Teleop/teleop_ros_ws/build/controller/install.log --single-version-externally-managed install_data
