[0.641s] Invoking command in '/home/paul/Documents/GitHub/WebVR-Teleop/teleop_ros_ws/src/controller': PYTHONPATH=/home/paul/Documents/GitHub/WebVR-Teleop/teleop_ros_ws/build/controller/prefix_override:/usr/lib/python3/dist-packages/colcon_core/task/python/colcon_distutils_commands:/home/paul/Documents/GitHub/WebVR-Teleop/teleop_ros_ws/install/controller/lib/python3.10/site-packages:${PYTHONPATH} /usr/bin/python3 -W ignore:setup.py install is deprecated setup.py egg_info --egg-base ../../build/controller build --build-base /home/paul/Documents/GitHub/WebVR-Teleop/teleop_ros_ws/build/controller/build install --record /home/paul/Documents/GitHub/WebVR-Teleop/teleop_ros_ws/build/controller/install.log --single-version-externally-managed install_data
[0.895s] running egg_info
[0.896s] writing ../../build/controller/controller.egg-info/PKG-INFO
[0.896s] writing dependency_links to ../../build/controller/controller.egg-info/dependency_links.txt
[0.896s] writing entry points to ../../build/controller/controller.egg-info/entry_points.txt
[0.896s] writing requirements to ../../build/controller/controller.egg-info/requires.txt
[0.896s] writing top-level names to ../../build/controller/controller.egg-info/top_level.txt
[0.898s] reading manifest file '../../build/controller/controller.egg-info/SOURCES.txt'
[0.898s] adding license file 'LICENSE'
[0.899s] writing manifest file '../../build/controller/controller.egg-info/SOURCES.txt'
[0.899s] running build
[0.899s] running build_py
[0.899s] running install
[0.899s] running install_lib
[0.900s] running install_data
[0.901s] running install_egg_info
[0.902s] removing '/home/paul/Documents/GitHub/WebVR-Teleop/teleop_ros_ws/install/controller/lib/python3.10/site-packages/controller-0.0.0-py3.10.egg-info' (and everything under it)
[0.903s] Copying ../../build/controller/controller.egg-info to /home/paul/Documents/GitHub/WebVR-Teleop/teleop_ros_ws/install/controller/lib/python3.10/site-packages/controller-0.0.0-py3.10.egg-info
[0.904s] running install_scripts
[0.924s] Installing ik_ref_generator script to /home/paul/Documents/GitHub/WebVR-Teleop/teleop_ros_ws/install/controller/lib/controller
[0.925s] writing list of installed files to '/home/paul/Documents/GitHub/WebVR-Teleop/teleop_ros_ws/build/controller/install.log'
[0.946s] Invoked command in '/home/paul/Documents/GitHub/WebVR-Teleop/teleop_ros_ws/src/controller' returned '0': PYTHONPATH=/home/paul/Documents/GitHub/WebVR-Teleop/teleop_ros_ws/build/controller/prefix_override:/usr/lib/python3/dist-packages/colcon_core/task/python/colcon_distutils_commands:/home/paul/Documents/GitHub/WebVR-Teleop/teleop_ros_ws/install/controller/lib/python3.10/site-packages:${PYTHONPATH} /usr/bin/python3 -W ignore:setup.py install is deprecated setup.py egg_info --egg-base ../../build/controller build --build-base /home/paul/Documents/GitHub/WebVR-Teleop/teleop_ros_ws/build/controller/build install --record /home/paul/Documents/GitHub/WebVR-Teleop/teleop_ros_ws/build/controller/install.log --single-version-externally-managed install_data
