running egg_info
writing ../../build/simulator/simulator.egg-info/PKG-INFO
writing dependency_links to ../../build/simulator/simulator.egg-info/dependency_links.txt
writing entry points to ../../build/simulator/simulator.egg-info/entry_points.txt
writing requirements to ../../build/simulator/simulator.egg-info/requires.txt
writing top-level names to ../../build/simulator/simulator.egg-info/top_level.txt
reading manifest file '../../build/simulator/simulator.egg-info/SOURCES.txt'
adding license file 'LICENSE'
writing manifest file '../../build/simulator/simulator.egg-info/SOURCES.txt'
running build
running build_py
copying simulator/kinematic_sim.py -> /home/paul/Documents/GitHub/WebVR-Teleop/teleop_ros_ws/build/simulator/build/lib/simulator
running install
running install_lib
copying /home/paul/Documents/GitHub/WebVR-Teleop/teleop_ros_ws/build/simulator/build/lib/simulator/kinematic_sim.py -> /home/paul/Documents/GitHub/WebVR-Teleop/teleop_ros_ws/install/simulator/lib/python3.10/site-packages/simulator
byte-compiling /home/paul/Documents/GitHub/WebVR-Teleop/teleop_ros_ws/install/simulator/lib/python3.10/site-packages/simulator/kinematic_sim.py to kinematic_sim.cpython-310.pyc
running install_data
running install_egg_info
removing '/home/paul/Documents/GitHub/WebVR-Teleop/teleop_ros_ws/install/simulator/lib/python3.10/site-packages/simulator-0.0.0-py3.10.egg-info' (and everything under it)
Copying ../../build/simulator/simulator.egg-info to /home/paul/Documents/GitHub/WebVR-Teleop/teleop_ros_ws/install/simulator/lib/python3.10/site-packages/simulator-0.0.0-py3.10.egg-info
running install_scripts
Installing kinematic_sim script to /home/paul/Documents/GitHub/WebVR-Teleop/teleop_ros_ws/install/simulator/lib/simulator
writing list of installed files to '/home/paul/Documents/GitHub/WebVR-Teleop/teleop_ros_ws/build/simulator/install.log'
